TN:
SF:/home/matteo/ProvaMatteo/main.c
FN:11,main
FNDA:1,main
FNF:1
FNH:1
BRDA:21,0,0,3
BRDA:21,0,1,1
BRDA:22,0,0,1
BRDA:22,0,1,2
BRDA:24,0,0,1
BRDA:24,0,1,1
BRDA:26,0,0,1
BRDA:26,0,1,0
BRF:8
BRH:7
DA:11,1
DA:15,1
DA:16,1
DA:17,1
DA:18,1
DA:19,1
DA:20,1
DA:21,4
DA:22,3
DA:23,1
DA:24,2
DA:25,1
DA:26,1
DA:27,1
DA:29,0
DA:30,3
DA:31,3
DA:32,3
DA:34,1
LF:19
LH:18
end_of_record
TN:
SF:/home/matteo/ProvaMatteo/primo.c
FN:5,primo
FNDA:1,primo
FNF:1
FNH:1
DA:5,1
DA:6,1
DA:7,1
DA:8,1
DA:9,1
LF:5
LH:5
end_of_record
TN:
SF:/home/matteo/ProvaMatteo/secondo.c
FN:5,secondo
FNDA:1,secondo
FNF:1
FNH:1
DA:5,1
DA:6,1
DA:7,1
DA:8,1
DA:9,1
LF:5
LH:5
end_of_record
TN:
SF:/home/matteo/ProvaMatteo/terzo.c
FN:5,terzo
FNDA:1,terzo
FNF:1
FNH:1
DA:5,1
DA:6,1
DA:7,1
DA:8,1
DA:9,1
LF:5
LH:5
end_of_record
